<?xml version="1.0" encoding="UTF-8"?>
<!-- Generated by org.testng.reporters.JUnitXMLReporter -->
<testsuite ignored="0" hostname="slave-node" failures="1" tests="2" name="LoginTest" time="39.619" errors="0" timestamp="22 Jul 2020 01:22:01 GMT">
  <testcase classname="tests.LoginTests" name="invalidLoginTest_InvalidUserNameInvalidPassword" time="14.707">
    <failure type="java.lang.AssertionError" message="expected [Invalid Email or Password-error] but found [Invalid Email or Password]">
      <![CDATA[java.lang.AssertionError: expected [Invalid Email or Password-error] but found [Invalid Email or Password]
at pages.LoginPage.verifyLoginPassword(LoginPage.java:46)
at tests.LoginTests.invalidLoginTest_InvalidUserNameInvalidPassword(LoginTests.java:46)
... Removed 31 stack frames]]>
    </failure>
  </testcase> <!-- invalidLoginTest_InvalidUserNameInvalidPassword -->
  <testcase classname="tests.LoginTests" name="invalidLoginTest_EmptyUserEmptyPassword" time="11.535"/>
</testsuite> <!-- LoginTest -->
